Расширение "LaTeX" не удалось загрузить, потому что не установлен необходимый для выполнения сценария компонент.
Зависит от:
 тип: executable
 расположение:контуру
 строка:latex

Расширение "LaTeX" не удалось загрузить, потому что не установлен необходимый для выполнения сценария компонент.
Зависит от:
 тип: executable
 расположение:контуру
 строка:dvips

Расширение "LaTeX" не удалось загрузить, потому что не установлен необходимый для выполнения сценария компонент.
Зависит от:
 тип: executable
 расположение:контуру
 строка:pstoedit

Расширение "Win32 Vector Print" не удалось загрузить, потому что расширение предназначено только для Windows.Это вызвано неправильным .inx файлом для данного расширения. Неправильный .inx файл мог появиться из-за ошибки при инсталляции Inkscape.
Расширение "Dia Input" не удалось загрузить, потому что не установлен необходимый для выполнения сценария компонент.
Зависит от:
 тип: executable
 расположение:контуру
 строка:dia
 описание:Для импорта файлов Dia должна быть установлена сама программа Dia. Её можно получить по адресу http://live.gnome.org/Dia

Расширение "Sketch Input" не удалось загрузить, потому что не установлен необходимый для выполнения сценария компонент.
Зависит от:
 тип: executable
 расположение:контуру
 строка:skconvert

Расширение "DXF Output" не удалось загрузить, потому что не установлен необходимый для выполнения сценария компонент.
Зависит от:
 тип: executable
 расположение:контуру
 строка:pstoedit
 описание:pstoedit должна быть установлена; см. http://www.pstoedit.net/pstoedit

